2026-06-05 15:29:42,890 [INFO] gym_app.app: Gym Manager started.
2026-06-05 15:29:51,194 [INFO] gym_app.auth.service.auth_service: User 'admin' (role=admin) logged in at 2026-06-05 15:29:51.
2026-06-05 15:29:51,810 [INFO] gym_app.app: Login successful – user='admin' role='admin'.
2026-06-05 15:32:31,496 [INFO] gym_app.auth.service.auth_service: User 'admin' logged out.
2026-06-05 15:32:36,490 [INFO] gym_app.app: Gym Manager started.
2026-06-05 15:32:42,144 [INFO] gym_app.auth.service.auth_service: User 'admin' (role=admin) logged in at 2026-06-05 15:32:42.
2026-06-05 15:32:42,755 [INFO] gym_app.app: Login successful – user='admin' role='admin'.
2026-06-05 15:36:19,983 [INFO] gym_app.auth.service.auth_service: User 'admin' logged out.
2026-06-05 15:36:23,347 [INFO] gym_app.app: Gym Manager started.
2026-06-05 15:36:30,834 [INFO] gym_app.auth.service.auth_service: User 'admin' (role=admin) logged in at 2026-06-05 15:36:30.
2026-06-05 15:36:31,442 [INFO] gym_app.app: Login successful – user='admin' role='admin'.
2026-06-05 15:38:45,899 [INFO] gym_app.auth.service.auth_service: User 'admin' logged out.
2026-06-05 15:38:49,713 [INFO] gym_app.app: Gym Manager started.
2026-06-05 15:38:55,123 [INFO] gym_app.auth.service.auth_service: User 'admin' (role=admin) logged in at 2026-06-05 15:38:55.
2026-06-05 15:38:55,739 [INFO] gym_app.app: Login successful – user='admin' role='admin'.
2026-06-05 15:40:16,603 [INFO] gym_app.auth.service.auth_service: User 'admin' logged out.
2026-06-05 15:40:20,477 [INFO] gym_app.app: Gym Manager started.
2026-06-05 15:40:35,223 [INFO] gym_app.auth.service.auth_service: User 'admin' (role=admin) logged in at 2026-06-05 15:40:35.
2026-06-05 15:40:35,832 [INFO] gym_app.app: Login successful – user='admin' role='admin'.
2026-06-05 15:49:39,053 [INFO] gym_app.auth.service.auth_service: User 'admin' logged out.
2026-06-05 15:49:42,633 [INFO] gym_app.app: Gym Manager started.
2026-06-05 15:49:50,913 [INFO] gym_app.auth.service.auth_service: User 'admin' (role=admin) logged in at 2026-06-05 15:49:50.
2026-06-05 15:49:51,527 [INFO] gym_app.app: Login successful – user='admin' role='admin'.
2026-06-05 15:54:07,906 [INFO] gym_app.auth.service.auth_service: User 'admin' logged out.
2026-06-05 15:54:13,485 [INFO] gym_app.app: Gym Manager started.
2026-06-05 15:54:18,940 [INFO] gym_app.auth.service.auth_service: User 'admin' (role=admin) logged in at 2026-06-05 15:54:18.
2026-06-05 15:54:19,551 [INFO] gym_app.app: Login successful – user='admin' role='admin'.
2026-06-05 15:58:11,413 [INFO] gym_app.app: Gym Manager started.
2026-06-05 15:58:17,141 [INFO] gym_app.auth.service.auth_service: User 'admin' (role=admin) logged in at 2026-06-05 15:58:17.
2026-06-05 15:58:17,749 [INFO] gym_app.app: Login successful – user='admin' role='admin'.
2026-06-05 16:09:48,619 [INFO] gym_app.app: Gym Manager started.
2026-06-05 16:09:53,805 [INFO] gym_app.auth.service.auth_service: User 'admin' (role=admin) logged in at 2026-06-05 16:09:53.
2026-06-05 16:09:54,411 [INFO] gym_app.app: Login successful – user='admin' role='admin'.
2026-06-05 16:11:28,944 [INFO] gym_app.auth.service.auth_service: User 'admin' logged out.
2026-06-05 16:18:09,229 [INFO] gym_app.app: Gym Manager started.
2026-06-05 16:18:15,578 [INFO] gym_app.auth.service.auth_service: User 'admin' (role=admin) logged in at 2026-06-05 16:18:15.
2026-06-05 16:18:16,188 [INFO] gym_app.app: Login successful – user='admin' role='admin'.
2026-06-05 16:21:43,985 [INFO] gym_app.app: Gym Manager started.
2026-06-05 16:21:49,231 [INFO] gym_app.auth.service.auth_service: User 'admin' (role=admin) logged in at 2026-06-05 16:21:49.
2026-06-05 16:21:49,839 [INFO] gym_app.app: Login successful – user='admin' role='admin'.
2026-06-05 16:23:51,020 [INFO] gym_app.auth.service.auth_service: User 'admin' logged out.
2026-06-05 16:25:35,724 [INFO] gym_app.app: Gym Manager started.
2026-06-05 16:25:51,164 [INFO] gym_app.auth.service.auth_service: User 'admin' (role=admin) logged in at 2026-06-05 16:25:51.
2026-06-05 16:25:51,770 [INFO] gym_app.app: Login successful – user='admin' role='admin'.
2026-06-05 16:29:19,180 [INFO] gym_app.auth.service.auth_service: User 'admin' logged out.
2026-06-05 16:32:49,502 [INFO] gym_app.app: Gym Manager started.
2026-06-05 16:42:53,994 [INFO] gym_app.app: Gym Manager started.
2026-06-05 16:46:13,980 [INFO] gym_app.app: Gym Manager started.
2026-06-05 16:49:23,632 [INFO] gym_app.app: Gym Manager started.
2026-06-05 16:49:38,710 [INFO] gym_app.auth.service.auth_service: User 'admin' (role=admin) logged in at 2026-06-05 16:49:38.
2026-06-05 16:49:39,422 [INFO] gym_app.app: Login successful – user='admin' role='admin'.
2026-06-05 16:52:35,022 [INFO] gym_app.auth.service.auth_service: User 'admin' logged out.
2026-06-05 17:05:43,310 [INFO] gym_app.app: Gym Manager started.
2026-06-05 17:06:07,797 [INFO] gym_app.app: Gym Manager started.
2026-06-05 17:06:20,732 [INFO] gym_app.auth.service.auth_service: User 'admin' (role=admin) logged in at 2026-06-05 17:06:20.
2026-06-05 17:06:21,400 [INFO] gym_app.app: Login successful – user='admin' role='admin'.
2026-06-05 17:08:37,555 [INFO] gym_app.auth.service.auth_service: User 'admin' logged out.
2026-06-05 17:08:58,897 [INFO] gym_app.app: Gym Manager started.
2026-06-05 17:09:08,423 [INFO] gym_app.auth.service.auth_service: User 'admin' (role=admin) logged in at 2026-06-05 17:09:08.
2026-06-05 17:09:09,112 [INFO] gym_app.app: Login successful – user='admin' role='admin'.
2026-06-05 17:09:31,305 [INFO] gym_app.auth.service.auth_service: User 'admin' logged out.
2026-06-05 17:13:05,383 [INFO] gym_app.app: Gym Manager started.
2026-06-05 17:13:13,550 [INFO] gym_app.auth.service.auth_service: User 'admin' (role=admin) logged in at 2026-06-05 17:13:13.
2026-06-05 17:13:14,265 [INFO] gym_app.app: Login successful – user='admin' role='admin'.
2026-06-05 17:13:39,801 [INFO] gym_app.auth.service.auth_service: User 'admin' logged out.
2026-06-05 17:15:02,662 [INFO] gym_app.app: Gym Manager started.
2026-06-05 17:15:10,760 [INFO] gym_app.auth.service.auth_service: User 'admin' (role=admin) logged in at 2026-06-05 17:15:10.
2026-06-05 17:15:11,454 [INFO] gym_app.app: Login successful – user='admin' role='admin'.
2026-06-05 17:18:56,375 [INFO] gym_app.auth.service.auth_service: User 'admin' logged out.
2026-06-05 17:18:59,496 [INFO] gym_app.app: Gym Manager started.
2026-06-05 17:19:04,769 [INFO] gym_app.auth.service.auth_service: User 'admin' (role=admin) logged in at 2026-06-05 17:19:04.
2026-06-05 17:19:05,477 [INFO] gym_app.app: Login successful – user='admin' role='admin'.
2026-06-05 17:21:34,198 [INFO] gym_app.app: Gym Manager started.
2026-06-05 17:21:46,091 [INFO] gym_app.auth.service.auth_service: User 'admin' (role=admin) logged in at 2026-06-05 17:21:46.
2026-06-05 17:21:46,775 [INFO] gym_app.app: Login successful – user='admin' role='admin'.
2026-06-05 17:22:07,863 [INFO] gym_app.auth.service.auth_service: User 'admin' logged out.
2026-06-05 17:22:56,137 [INFO] gym_app.app: Gym Manager started.
2026-06-05 17:23:05,717 [INFO] gym_app.auth.service.auth_service: User 'admin' (role=admin) logged in at 2026-06-05 17:23:05.
2026-06-05 17:23:06,387 [INFO] gym_app.app: Login successful – user='admin' role='admin'.
2026-06-05 17:23:12,786 [INFO] gym_app.auth.service.auth_service: User 'admin' logged out.
2026-06-05 17:23:50,490 [INFO] gym_app.app: Gym Manager started.
2026-06-05 17:24:03,272 [INFO] gym_app.auth.service.auth_service: User 'admin' (role=admin) logged in at 2026-06-05 17:24:03.
2026-06-05 17:24:03,986 [INFO] gym_app.app: Login successful – user='admin' role='admin'.
2026-06-05 17:25:01,360 [INFO] gym_app.app: Gym Manager started.
2026-06-05 17:25:07,986 [INFO] gym_app.auth.service.auth_service: User 'admin' (role=admin) logged in at 2026-06-05 17:25:07.
2026-06-05 17:25:08,675 [INFO] gym_app.app: Login successful – user='admin' role='admin'.
2026-06-05 17:26:53,424 [INFO] gym_app.app: Gym Manager started.
2026-06-05 17:26:58,828 [INFO] gym_app.auth.service.auth_service: User 'admin' (role=admin) logged in at 2026-06-05 17:26:58.
2026-06-05 17:26:59,533 [INFO] gym_app.app: Login successful – user='admin' role='admin'.
2026-06-05 17:27:17,849 [INFO] gym_app.auth.service.auth_service: User 'admin' logged out.
2026-06-05 17:28:41,099 [INFO] gym_app.app: Gym Manager started.
2026-06-05 17:28:54,665 [INFO] gym_app.auth.service.auth_service: User 'admin' (role=admin) logged in at 2026-06-05 17:28:54.
2026-06-05 17:28:55,271 [INFO] gym_app.app: Login successful – user='admin' role='admin'.
2026-06-05 17:31:22,106 [INFO] gym_app.auth.service.auth_service: User 'admin' logged out.
2026-06-05 17:31:29,270 [INFO] gym_app.app: Gym Manager started.
2026-06-05 17:31:34,426 [INFO] gym_app.auth.service.auth_service: User 'admin' (role=admin) logged in at 2026-06-05 17:31:34.
2026-06-05 17:31:35,097 [INFO] gym_app.app: Login successful – user='admin' role='admin'.
2026-06-05 17:33:33,461 [INFO] gym_app.app: Gym Manager started.
2026-06-05 17:33:38,670 [INFO] gym_app.auth.service.auth_service: User 'admin' (role=admin) logged in at 2026-06-05 17:33:38.
2026-06-05 17:33:39,347 [INFO] gym_app.app: Login successful – user='admin' role='admin'.
2026-06-05 17:34:09,620 [INFO] gym_app.auth.service.auth_service: User 'admin' logged out.
2026-06-05 17:36:17,318 [INFO] gym_app.app: Gym Manager started.
2026-06-05 17:36:25,089 [INFO] gym_app.auth.service.auth_service: User 'admin' (role=admin) logged in at 2026-06-05 17:36:25.
2026-06-05 17:36:25,781 [INFO] gym_app.app: Login successful – user='admin' role='admin'.
2026-06-05 17:38:03,184 [INFO] gym_app.auth.service.auth_service: User 'admin' logged out.
2026-06-06 10:56:21,698 [INFO] gym_app.app: Gym Manager started.
2026-06-06 10:56:31,297 [INFO] gym_app.auth.service.auth_service: User 'admin' (role=admin) logged in at 2026-06-06 10:56:31.
2026-06-06 10:56:32,066 [INFO] gym_app.app: Login successful – user='admin' role='admin'.
2026-06-06 11:28:25,059 [WARNING] gym_app.app: Default admin account created (username=admin, password=admin123). Change this password immediately.
2026-06-06 11:28:25,090 [INFO] gym_app.app: Gym Manager started.
2026-06-06 11:28:32,921 [INFO] gym_app.auth.service.auth_service: User 'admin' (role=admin) logged in at 2026-06-06 11:28:32.
2026-06-06 11:28:33,626 [INFO] gym_app.app: Login successful – user='admin' role='admin'.
2026-06-06 11:31:59,953 [INFO] gym_app.auth.service.auth_service: User 'admin' logged out.
2026-06-06 11:32:19,637 [INFO] gym_app.app: Gym Manager started.
2026-06-06 11:32:28,545 [INFO] gym_app.auth.service.auth_service: User 'admin' (role=admin) logged in at 2026-06-06 11:32:28.
2026-06-06 11:32:29,237 [INFO] gym_app.app: Login successful – user='admin' role='admin'.
2026-06-06 11:38:53,778 [INFO] gym_app.app: Gym Manager started.
2026-06-06 11:39:01,378 [INFO] gym_app.auth.service.auth_service: User 'admin' (role=admin) logged in at 2026-06-06 11:39:01.
2026-06-06 11:39:02,043 [INFO] gym_app.app: Login successful – user='admin' role='admin'.
2026-06-06 11:46:39,472 [INFO] gym_app.auth.service.auth_service: User 'admin' logged out.
2026-06-06 11:46:50,851 [INFO] gym_app.app: Gym Manager started.
2026-06-06 11:46:57,949 [INFO] gym_app.auth.service.auth_service: User 'admin' (role=admin) logged in at 2026-06-06 11:46:57.
2026-06-06 11:46:58,627 [INFO] gym_app.app: Login successful – user='admin' role='admin'.
2026-06-06 11:47:06,614 [INFO] gym_app.auth.service.auth_service: User 'admin' (role=admin) logged in at 2026-06-06 11:47:06.
2026-06-06 11:47:07,221 [INFO] gym_app.app: Login successful – user='admin' role='admin'.
2026-06-06 11:50:57,795 [INFO] gym_app.app: Gym Manager started.
2026-06-06 11:51:05,031 [INFO] gym_app.auth.service.auth_service: User 'admin' (role=admin) logged in at 2026-06-06 11:51:05.
2026-06-06 11:51:05,725 [INFO] gym_app.app: Login successful – user='admin' role='admin'.
2026-06-06 11:51:47,043 [INFO] gym_app.auth.service.auth_service: User 'admin' logged out.
2026-06-06 11:52:25,489 [INFO] gym_app.app: Gym Manager started.
2026-06-06 11:52:32,567 [INFO] gym_app.auth.service.auth_service: User 'admin' (role=admin) logged in at 2026-06-06 11:52:32.
2026-06-06 11:52:33,240 [INFO] gym_app.app: Login successful – user='admin' role='admin'.
2026-06-06 11:52:42,427 [INFO] gym_app.auth.service.auth_service: User 'admin' logged out.
2026-06-06 11:55:00,202 [INFO] gym_app.app: Gym Manager started.
2026-06-06 11:55:08,154 [INFO] gym_app.auth.service.auth_service: User 'admin' (role=admin) logged in at 2026-06-06 11:55:08.
2026-06-06 11:55:08,831 [INFO] gym_app.app: Login successful – user='admin' role='admin'.
2026-06-06 11:56:08,027 [INFO] gym_app.app: Gym Manager started.
2026-06-06 11:56:14,697 [INFO] gym_app.auth.service.auth_service: User 'admin' (role=admin) logged in at 2026-06-06 11:56:14.
2026-06-06 11:56:15,407 [INFO] gym_app.app: Login successful – user='admin' role='admin'.
2026-06-06 12:13:05,489 [INFO] gym_app.app: Gym Manager started.
2026-06-06 12:13:45,414 [INFO] gym_app.app: Gym Manager started.
2026-06-06 12:13:54,123 [INFO] gym_app.auth.service.auth_service: User 'admin' (role=admin) logged in at 2026-06-06 12:13:54.
2026-06-06 12:13:54,811 [INFO] gym_app.app: Login successful – user='admin' role='admin'.
2026-06-06 12:14:18,494 [INFO] gym_app.auth.service.auth_service: User 'admin' logged out.
